2025-08-29 14:55:09 [main] WARN  com.alibaba.nacos.client.logging.NacosLogging - Load Logback Configuration of Nacos fail, message: Could not initialize Logback Nacos logging from classpath:nacos-logback.xml
2025-08-29 14:55:09 [main] WARN  com.alibaba.nacos.client.logging.NacosLogging - Load Logback Configuration of Nacos fail, message: Could not initialize Logback Nacos logging from classpath:nacos-logback.xml
2025-08-29 14:55:09 [main] INFO  com.smartlearning.ai.AiServiceApplication - Starting AiServiceApplication using Java 21.0.6 with PID 65796 (E:\smart-learning-platform\smart-learning-java\ai-service\target\classes started by info in E:\smart-learning-platform\smart-learning-java)
2025-08-29 14:55:09 [main] DEBUG com.smartlearning.ai.AiServiceApplication - Running with Spring Boot v3.1.5, Spring v6.0.13
2025-08-29 14:55:09 [main] INFO  com.smartlearning.ai.AiServiceApplication - The following 1 profile is active: "dev"
2025-08-29 14:55:09 [main] WARN  c.a.cloud.nacos.configdata.NacosConfigDataLoader - [Nacos Config] config[dataId=ai-service.yml, group=DEFAULT_GROUP] is empty
2025-08-29 14:55:10 [main] WARN  o.s.b.w.s.c.AnnotationConfigServletWebServerApplicationContext - Exception encountered during context initialization - cancelling refresh attempt: org.springframework.beans.factory.support.BeanDefinitionOverrideException: Invalid bean definition with name 'redisTemplate' defined in class path resource [com/smartlearning/common/config/RedisConfig.class]: Cannot register bean definition [Root bean: class [null]; scope=; abstract=false; lazyInit=null; autowireMode=3; dependencyCheck=0; autowireCandidate=true; primary=false; factoryBeanName=redisConfig; factoryMethodName=redisTemplate; initMethodNames=null; destroyMethodNames=[(inferred)]; defined in class path resource [com/smartlearning/common/config/RedisConfig.class]] for bean 'redisTemplate' since there is already [Root bean: class [null]; scope=; abstract=false; lazyInit=null; autowireMode=3; dependencyCheck=0; autowireCandidate=true; primary=false; factoryBeanName=aiServiceConfig; factoryMethodName=redisTemplate; initMethodNames=null; destroyMethodNames=[(inferred)]; defined in class path resource [com/smartlearning/ai/config/AiServiceConfig.class]] bound.
2025-08-29 14:55:10 [main] INFO  o.s.b.a.logging.ConditionEvaluationReportLogger - 

Error starting ApplicationContext. To display the condition evaluation report re-run your application with 'debug' enabled.
2025-08-29 14:55:10 [main] ERROR o.s.b.diagnostics.LoggingFailureAnalysisReporter - 

***************************
APPLICATION FAILED TO START
***************************

Description:

The bean 'redisTemplate', defined in class path resource [com/smartlearning/common/config/RedisConfig.class], could not be registered. A bean with that name has already been defined in class path resource [com/smartlearning/ai/config/AiServiceConfig.class] and overriding is disabled.

Action:

Consider renaming one of the beans or enabling overriding by setting spring.main.allow-bean-definition-overriding=true

2025-08-29 14:55:10 [Thread-6] WARN  com.alibaba.nacos.common.notify.NotifyCenter - [NotifyCenter] Start destroying Publisher
2025-08-29 14:55:10 [Thread-1] WARN  c.alibaba.nacos.common.http.HttpClientBeanHolder - [HttpClientBeanHolder] Start destroying common HttpClient
2025-08-29 14:55:10 [Thread-6] WARN  com.alibaba.nacos.common.notify.NotifyCenter - [NotifyCenter] Destruction of the end
