2025-08-26 14:27:32 [main] WARN  com.alibaba.nacos.client.logging.NacosLogging - Load Logback Configuration of Nacos fail, message: Could not initialize Logback Nacos logging from classpath:nacos-logback.xml
2025-08-26 14:27:32 [main] WARN  com.alibaba.nacos.client.logging.NacosLogging - Load Logback Configuration of Nacos fail, message: Could not initialize Logback Nacos logging from classpath:nacos-logback.xml
2025-08-26 14:27:32 [main] INFO  c.s.analytics.AnalyticsServiceApplication - Starting AnalyticsServiceApplication using Java 21.0.6 with PID 79320 (E:\smart-learning-platform\smart-learning-java\analytics-service\target\classes started by info in E:\smart-learning-platform\smart-learning-java)
2025-08-26 14:27:32 [main] DEBUG c.s.analytics.AnalyticsServiceApplication - Running with Spring Boot v3.1.5, Spring v6.0.13
2025-08-26 14:27:32 [main] INFO  c.s.analytics.AnalyticsServiceApplication - The following 1 profile is active: "dev"
2025-08-26 14:27:32 [main] WARN  c.a.cloud.nacos.configdata.NacosConfigDataLoader - [Nacos Config] config[dataId=analytics-service.yml, group=DEFAULT_GROUP] is empty
2025-08-26 14:27:33 [main] INFO  o.s.d.r.config.RepositoryConfigurationDelegate - Multiple Spring Data modules found, entering strict repository configuration mode
2025-08-26 14:27:33 [main] INFO  o.s.d.r.config.RepositoryConfigurationDelegate - Bootstrapping Spring Data MongoDB repositories in DEFAULT mode.
2025-08-26 14:27:33 [main] INFO  o.s.d.r.config.RepositoryConfigurationDelegate - Finished Spring Data repository scanning in 8 ms. Found 0 MongoDB repository interfaces.
2025-08-26 14:27:33 [main] INFO  o.s.d.r.config.RepositoryConfigurationDelegate - Multiple Spring Data modules found, entering strict repository configuration mode
2025-08-26 14:27:33 [main] INFO  o.s.d.r.config.RepositoryConfigurationDelegate - Bootstrapping Spring Data Redis repositories in DEFAULT mode.
2025-08-26 14:27:33 [main] INFO  o.s.d.r.config.RepositoryConfigurationDelegate - Finished Spring Data repository scanning in 1 ms. Found 0 Redis repository interfaces.
2025-08-26 14:27:33 [main] INFO  o.springframework.cloud.context.scope.GenericScope - BeanFactory id=9abb2ee3-9189-3b89-8ae2-fa773bd0b71b
2025-08-26 14:27:33 [main] INFO  o.s.boot.web.embedded.tomcat.TomcatWebServer - Tomcat initialized with port(s): 8087 (http)
2025-08-26 14:27:33 [main] INFO  org.apache.catalina.core.StandardService - Starting service [Tomcat]
2025-08-26 14:27:33 [main] INFO  org.apache.catalina.core.StandardEngine - Starting Servlet engine: [Apache Tomcat/10.1.15]
2025-08-26 14:27:33 [main] INFO  o.a.c.core.ContainerBase.[Tomcat].[localhost].[/] - Initializing Spring embedded WebApplicationContext
2025-08-26 14:27:33 [main] INFO  o.s.b.w.s.c.ServletWebServerApplicationContext - Root WebApplicationContext: initialization completed in 1132 ms
2025-08-26 14:27:33 [main] WARN  o.s.b.w.s.c.AnnotationConfigServletWebServerApplicationContext - Exception encountered during context initialization - cancelling refresh attempt: org.springframework.beans.factory.UnsatisfiedDependencyException: Error creating bean with name 'analyticsController' defined in file [E:\smart-learning-platform\smart-learning-java\analytics-service\target\classes\com\smartlearning\analytics\controller\AnalyticsController.class]: Unsatisfied dependency expressed through constructor parameter 0: Error creating bean with name 'analyticsServiceImpl' defined in file [E:\smart-learning-platform\smart-learning-java\analytics-service\target\classes\com\smartlearning\analytics\service\impl\AnalyticsServiceImpl.class]: Unsatisfied dependency expressed through constructor parameter 2: No qualifying bean of type 'org.springframework.data.redis.core.RedisTemplate<java.lang.String, java.lang.Object>' available: expected at least 1 bean which qualifies as autowire candidate. Dependency annotations: {}
2025-08-26 14:27:33 [main] INFO  com.alibaba.druid.pool.DruidDataSource - {dataSource-0} closing ...
2025-08-26 14:27:33 [main] INFO  org.apache.catalina.core.StandardService - Stopping service [Tomcat]
2025-08-26 14:27:33 [main] INFO  o.s.b.a.logging.ConditionEvaluationReportLogger - 

Error starting ApplicationContext. To display the condition evaluation report re-run your application with 'debug' enabled.
2025-08-26 14:27:33 [main] ERROR o.s.b.diagnostics.LoggingFailureAnalysisReporter - 

***************************
APPLICATION FAILED TO START
***************************

Description:

Parameter 2 of constructor in com.smartlearning.analytics.service.impl.AnalyticsServiceImpl required a bean of type 'org.springframework.data.redis.core.RedisTemplate' that could not be found.


Action:

Consider defining a bean of type 'org.springframework.data.redis.core.RedisTemplate' in your configuration.

2025-08-26 14:27:33 [Thread-6] WARN  com.alibaba.nacos.common.notify.NotifyCenter - [NotifyCenter] Start destroying Publisher
2025-08-26 14:27:33 [Thread-1] WARN  c.alibaba.nacos.common.http.HttpClientBeanHolder - [HttpClientBeanHolder] Start destroying common HttpClient
2025-08-26 14:27:33 [Thread-6] WARN  com.alibaba.nacos.common.notify.NotifyCenter - [NotifyCenter] Destruction of the end
