2025-08-26T14:27:45.767+08:00  WARN 67072 --- [main] c.a.nacos.client.logging.NacosLogging    : Load Logback Configuration of Nacos fail, message: Could not initialize Logback Nacos logging from classpath:nacos-logback.xml
2025-08-26T14:27:45.802+08:00  WARN 67072 --- [main] c.a.nacos.client.logging.NacosLogging    : Load Logback Configuration of Nacos fail, message: Could not initialize Logback Nacos logging from classpath:nacos-logback.xml
2025-08-26T14:27:45.805+08:00  INFO 67072 --- [main] c.s.course.CourseServiceApplication      : Starting CourseServiceApplication using Java 21.0.6 with PID 67072 (E:\smart-learning-platform\smart-learning-java\course-service\target\classes started by info in E:\smart-learning-platform\smart-learning-java)
2025-08-26T14:27:45.805+08:00 DEBUG 67072 --- [main] c.s.course.CourseServiceApplication      : Running with Spring Boot v3.1.5, Spring v6.0.13
2025-08-26T14:27:45.805+08:00  INFO 67072 --- [main] c.s.course.CourseServiceApplication      : The following 1 profile is active: "dev"
2025-08-26T14:27:45.841+08:00  WARN 67072 --- [main] c.a.c.n.c.NacosConfigDataLoader          : [Nacos Config] config[dataId=course-service.yml, group=DEFAULT_GROUP] is empty
2025-08-26T14:27:46.517+08:00  INFO 67072 --- [main] .s.d.r.c.RepositoryConfigurationDelegate : Multiple Spring Data modules found, entering strict repository configuration mode
2025-08-26T14:27:46.518+08:00  INFO 67072 --- [main] .s.d.r.c.RepositoryConfigurationDelegate : Bootstrapping Spring Data Elasticsearch repositories in DEFAULT mode.
2025-08-26T14:27:46.529+08:00  INFO 67072 --- [main] .s.d.r.c.RepositoryConfigurationDelegate : Finished Spring Data repository scanning in 8 ms. Found 0 Elasticsearch repository interfaces.
2025-08-26T14:27:46.532+08:00  INFO 67072 --- [main] .s.d.r.c.RepositoryConfigurationDelegate : Multiple Spring Data modules found, entering strict repository configuration mode
2025-08-26T14:27:46.532+08:00  INFO 67072 --- [main] .s.d.r.c.RepositoryConfigurationDelegate : Bootstrapping Spring Data Reactive Elasticsearch repositories in DEFAULT mode.
2025-08-26T14:27:46.533+08:00  INFO 67072 --- [main] .s.d.r.c.RepositoryConfigurationDelegate : Finished Spring Data repository scanning in 1 ms. Found 0 Reactive Elasticsearch repository interfaces.
2025-08-26T14:27:46.539+08:00  INFO 67072 --- [main] .s.d.r.c.RepositoryConfigurationDelegate : Multiple Spring Data modules found, entering strict repository configuration mode
2025-08-26T14:27:46.539+08:00  INFO 67072 --- [main] .s.d.r.c.RepositoryConfigurationDelegate : Bootstrapping Spring Data Redis repositories in DEFAULT mode.
2025-08-26T14:27:46.545+08:00  INFO 67072 --- [main] .s.d.r.c.RepositoryConfigurationDelegate : Finished Spring Data repository scanning in 1 ms. Found 0 Redis repository interfaces.
2025-08-26T14:27:46.658+08:00  INFO 67072 --- [main] o.s.cloud.context.scope.GenericScope     : BeanFactory id=9f04821c-8e8a-3bb5-94ff-e50fd397ad62
2025-08-26T14:27:46.972+08:00  INFO 67072 --- [main] o.s.b.w.embedded.tomcat.TomcatWebServer  : Tomcat initialized with port(s): 8082 (http)
2025-08-26T14:27:46.978+08:00  INFO 67072 --- [main] o.apache.catalina.core.StandardService   : Starting service [Tomcat]
2025-08-26T14:27:46.978+08:00  INFO 67072 --- [main] o.apache.catalina.core.StandardEngine    : Starting Servlet engine: [Apache Tomcat/10.1.15]
2025-08-26T14:27:47.029+08:00  INFO 67072 --- [main] o.a.c.c.C.[Tomcat].[localhost].[/]       : Initializing Spring embedded WebApplicationContext
2025-08-26T14:27:47.029+08:00  INFO 67072 --- [main] w.s.c.ServletWebServerApplicationContext : Root WebApplicationContext: initialization completed in 1187 ms
2025-08-26T14:27:47.475+08:00  INFO 67072 --- [main] org.redisson.Version                     : Redisson 3.24.3
2025-08-26T14:27:47.654+08:00  INFO 67072 --- [redisson-netty-2-5] o.r.c.pool.MasterPubSubConnectionPool    : 1 connections initialized for localhost/127.0.0.1:6379
2025-08-26T14:27:47.698+08:00  INFO 67072 --- [redisson-netty-2-20] o.r.c.pool.MasterConnectionPool          : 24 connections initialized for localhost/127.0.0.1:6379
2025-08-26T14:27:49.049+08:00  INFO 67072 --- [main] o.s.cloud.commons.util.InetUtils         : Cannot determine local hostname
2025-08-26T14:27:50.459+08:00  INFO 67072 --- [main] o.s.cloud.commons.util.InetUtils         : Cannot determine local hostname
2025-08-26T14:27:50.473+08:00  INFO 67072 --- [main] o.s.b.a.e.web.EndpointLinksResolver      : Exposing 3 endpoint(s) beneath base path '/actuator'
2025-08-26T14:27:50.558+08:00  INFO 67072 --- [main] o.s.b.w.embedded.tomcat.TomcatWebServer  : Tomcat started on port(s): 8082 (http) with context path ''
2025-08-26T14:27:50.563+08:00  INFO 67072 --- [main] com.alibaba.nacos.client.naming          : initializer namespace from ans.namespace attribute : null
2025-08-26T14:27:50.563+08:00  INFO 67072 --- [main] com.alibaba.nacos.client.naming          : initializer namespace from ALIBABA_ALIWARE_NAMESPACE attribute :null
2025-08-26T14:27:50.564+08:00  INFO 67072 --- [main] com.alibaba.nacos.client.naming          : initializer namespace from namespace attribute :null
2025-08-26T14:27:50.569+08:00  INFO 67072 --- [main] c.a.n.p.a.s.c.ClientAuthPluginManager    : [ClientAuthPluginManager] Load ClientAuthService com.alibaba.nacos.client.auth.impl.NacosClientAuthServiceImpl success.
2025-08-26T14:27:50.569+08:00  INFO 67072 --- [main] c.a.n.p.a.s.c.ClientAuthPluginManager    : [ClientAuthPluginManager] Load ClientAuthService com.alibaba.nacos.client.auth.ram.RamClientAuthServiceImpl success.
2025-08-26T14:27:50.629+08:00  INFO 67072 --- [main] com.alibaba.nacos.common.remote.client   : [RpcClientFactory] create a new rpc client of 5f32c94c-79b0-4cc0-a0cd-cdf53827eb60
2025-08-26T14:27:50.630+08:00  INFO 67072 --- [main] com.alibaba.nacos.common.remote.client   : [5f32c94c-79b0-4cc0-a0cd-cdf53827eb60] RpcClient init, ServerListFactory = com.alibaba.nacos.client.naming.core.ServerListManager
2025-08-26T14:27:50.630+08:00  INFO 67072 --- [main] com.alibaba.nacos.common.remote.client   : [5f32c94c-79b0-4cc0-a0cd-cdf53827eb60] Registry connection listener to current client:com.alibaba.nacos.client.naming.remote.gprc.redo.NamingGrpcRedoService
2025-08-26T14:27:50.631+08:00  INFO 67072 --- [main] com.alibaba.nacos.common.remote.client   : [5f32c94c-79b0-4cc0-a0cd-cdf53827eb60] Register server push request handler:com.alibaba.nacos.client.naming.remote.gprc.NamingPushRequestHandler
2025-08-26T14:27:50.631+08:00  INFO 67072 --- [main] com.alibaba.nacos.common.remote.client   : [5f32c94c-79b0-4cc0-a0cd-cdf53827eb60] Try to connect to server on start up, server: {serverIp = 'localhost', server main port = 8848}
2025-08-26T14:27:50.631+08:00  INFO 67072 --- [main] c.a.n.c.remote.client.grpc.GrpcClient    : grpc client connection server:localhost ip,serverPort:9848,grpcTslConfig:{"sslProvider":"OPENSSL","enableTls":false,"mutualAuthEnable":false,"trustAll":false}
2025-08-26T14:27:50.751+08:00  INFO 67072 --- [main] com.alibaba.nacos.common.remote.client   : [5f32c94c-79b0-4cc0-a0cd-cdf53827eb60] Success to connect to server [localhost:8848] on start up, connectionId = 1756189670635_127.0.0.1_49859
2025-08-26T14:27:50.751+08:00  INFO 67072 --- [main] com.alibaba.nacos.common.remote.client   : [5f32c94c-79b0-4cc0-a0cd-cdf53827eb60] Register server push request handler:com.alibaba.nacos.common.remote.client.RpcClient$ConnectResetRequestHandler
2025-08-26T14:27:50.751+08:00  INFO 67072 --- [main] com.alibaba.nacos.common.remote.client   : [5f32c94c-79b0-4cc0-a0cd-cdf53827eb60] Register server push request handler:com.alibaba.nacos.common.remote.client.RpcClient$$Lambda/0x000001f69f3a0220
2025-08-26T14:27:50.751+08:00  INFO 67072 --- [com.alibaba.nacos.client.remote.worker] com.alibaba.nacos.common.remote.client   : [5f32c94c-79b0-4cc0-a0cd-cdf53827eb60] Notify connected event to listeners.
2025-08-26T14:27:50.751+08:00  INFO 67072 --- [com.alibaba.nacos.client.remote.worker] com.alibaba.nacos.client.naming          : Grpc connection connect
2025-08-26T14:27:50.752+08:00  INFO 67072 --- [main] com.alibaba.nacos.client.naming          : [REGISTER-SERVICE] smart-learning registering service course-service with instance Instance{instanceId='null', ip='192.168.10.113', port=8082, weight=1.0, healthy=true, enabled=true, ephemeral=true, clusterName='DEFAULT', serviceName='null', metadata={preserved.register.source=SPRING_CLOUD, version=1.0.0, zone=dev, IPv6=null}}
2025-08-26T14:27:50.763+08:00  INFO 67072 --- [main] c.a.c.n.registry.NacosServiceRegistry    : nacos registry, DEFAULT_GROUP course-service 192.168.10.113:8082 register finished
2025-08-26T14:27:51.768+08:00  INFO 67072 --- [main] o.s.cloud.commons.util.InetUtils         : Cannot determine local hostname
2025-08-26T14:27:51.776+08:00  INFO 67072 --- [main] c.s.course.CourseServiceApplication      : Started CourseServiceApplication in 7.939 seconds (process running for 8.297)
2025-08-26T14:27:51.781+08:00  INFO 67072 --- [main] c.a.nacos.client.config.impl.CacheData   : nacos.cache.data.init.snapshot = true 
2025-08-26T14:27:51.782+08:00  INFO 67072 --- [main] c.a.n.client.config.impl.ClientWorker    : [fixed-smart-learning-localhost_8848] [subscribe] course-service.yml+DEFAULT_GROUP+smart-learning
2025-08-26T14:27:51.786+08:00  INFO 67072 --- [main] c.a.nacos.client.config.impl.CacheData   : [fixed-smart-learning-localhost_8848] [add-listener] ok, tenant=smart-learning, dataId=course-service.yml, group=DEFAULT_GROUP, cnt=1
2025-08-26T14:27:51.786+08:00  INFO 67072 --- [main] c.a.c.n.refresh.NacosContextRefresher    : [Nacos Config] Listening config: dataId=course-service.yml, group=DEFAULT_GROUP
2025-08-26T14:27:52.301+08:00  INFO 67072 --- [RMI TCP Connection(3)-198.18.0.1] o.a.c.c.C.[Tomcat].[localhost].[/]       : Initializing Spring DispatcherServlet 'dispatcherServlet'
2025-08-26T14:27:52.301+08:00  INFO 67072 --- [RMI TCP Connection(3)-198.18.0.1] o.s.web.servlet.DispatcherServlet        : Initializing Servlet 'dispatcherServlet'
2025-08-26T14:27:52.302+08:00  INFO 67072 --- [RMI TCP Connection(3)-198.18.0.1] o.s.web.servlet.DispatcherServlet        : Completed initialization in 1 ms
2025-08-26T14:27:52.326+08:00  INFO 67072 --- [RMI TCP Connection(2)-198.18.0.1] com.alibaba.druid.pool.DruidDataSource   : {dataSource-1} inited
2025-08-26T14:27:52.450+08:00  WARN 67072 --- [RMI TCP Connection(2)-198.18.0.1] d.e.ElasticsearchReactiveHealthIndicator : Elasticsearch health check failed

java.net.ConnectException: Connection refused: getsockopt
	at java.base/sun.nio.ch.Net.pollConnect(Native Method) ~[na:na]
	at java.base/sun.nio.ch.Net.pollConnectNow(Net.java:682) ~[na:na]
	at java.base/sun.nio.ch.SocketChannelImpl.finishConnect(SocketChannelImpl.java:973) ~[na:na]
	at org.apache.http.impl.nio.reactor.DefaultConnectingIOReactor.processEvent(DefaultConnectingIOReactor.java:174) ~[httpcore-nio-4.4.16.jar:4.4.16]
	at org.apache.http.impl.nio.reactor.DefaultConnectingIOReactor.processEvents(DefaultConnectingIOReactor.java:148) ~[httpcore-nio-4.4.16.jar:4.4.16]
	at org.apache.http.impl.nio.reactor.AbstractMultiworkerIOReactor.execute(AbstractMultiworkerIOReactor.java:351) ~[httpcore-nio-4.4.16.jar:4.4.16]
	at org.apache.http.impl.nio.conn.PoolingNHttpClientConnectionManager.execute(PoolingNHttpClientConnectionManager.java:221) ~[httpasyncclient-4.1.5.jar:4.1.5]
	at org.apache.http.impl.nio.client.CloseableHttpAsyncClientBase$1.run(CloseableHttpAsyncClientBase.java:64) ~[httpasyncclient-4.1.5.jar:4.1.5]
	at java.base/java.lang.Thread.run(Thread.java:1583) ~[na:na]

2025-08-26T15:10:46.428+08:00  WARN 67072 --- [Thread-1] c.a.n.common.http.HttpClientBeanHolder   : [HttpClientBeanHolder] Start destroying common HttpClient
2025-08-26T15:10:46.428+08:00  WARN 67072 --- [Thread-6] c.a.nacos.common.notify.NotifyCenter     : [NotifyCenter] Start destroying Publisher
2025-08-26T15:10:46.428+08:00  WARN 67072 --- [Thread-6] c.a.nacos.common.notify.NotifyCenter     : [NotifyCenter] Destruction of the end
2025-08-26T15:10:46.428+08:00  WARN 67072 --- [Thread-1] c.a.n.common.http.HttpClientBeanHolder   : [HttpClientBeanHolder] Destruction of the end
2025-08-26T15:10:46.450+08:00  INFO 67072 --- [SpringApplicationShutdownHook] c.a.c.n.registry.NacosServiceRegistry    : De-registering from Nacos Server now...
2025-08-26T15:10:46.450+08:00  INFO 67072 --- [SpringApplicationShutdownHook] com.alibaba.nacos.client.naming          : [DEREGISTER-SERVICE] smart-learning deregistering service course-service with instance: Instance{instanceId='null', ip='192.168.10.113', port=8082, weight=1.0, healthy=true, enabled=true, ephemeral=true, clusterName='DEFAULT', serviceName='null', metadata={}}
2025-08-26T15:10:46.452+08:00  INFO 67072 --- [SpringApplicationShutdownHook] c.a.c.n.registry.NacosServiceRegistry    : De-registration finished.
2025-08-26T15:10:46.452+08:00  INFO 67072 --- [SpringApplicationShutdownHook] com.alibaba.nacos.client.naming          : com.alibaba.nacos.client.naming.cache.ServiceInfoHolder do shutdown begin
2025-08-26T15:10:46.453+08:00  INFO 67072 --- [SpringApplicationShutdownHook] com.alibaba.nacos.client.naming          : com.alibaba.nacos.client.naming.backups.FailoverReactor do shutdown begin
2025-08-26T15:10:46.453+08:00  INFO 67072 --- [SpringApplicationShutdownHook] com.alibaba.nacos.client.naming          : com.alibaba.nacos.client.naming.backups.FailoverReactor do shutdown stop
2025-08-26T15:10:46.453+08:00  INFO 67072 --- [SpringApplicationShutdownHook] com.alibaba.nacos.client.naming          : com.alibaba.nacos.client.naming.cache.ServiceInfoHolder do shutdown stop
2025-08-26T15:10:46.453+08:00  INFO 67072 --- [SpringApplicationShutdownHook] com.alibaba.nacos.client.naming          : com.alibaba.nacos.client.naming.remote.NamingClientProxyDelegate do shutdown begin
2025-08-26T15:10:46.453+08:00  INFO 67072 --- [SpringApplicationShutdownHook] com.alibaba.nacos.client.naming          : com.alibaba.nacos.client.naming.core.ServiceInfoUpdateService do shutdown begin
2025-08-26T15:10:46.453+08:00  INFO 67072 --- [SpringApplicationShutdownHook] com.alibaba.nacos.client.naming          : com.alibaba.nacos.client.naming.core.ServiceInfoUpdateService do shutdown stop
2025-08-26T15:10:46.453+08:00  INFO 67072 --- [SpringApplicationShutdownHook] com.alibaba.nacos.client.naming          : com.alibaba.nacos.client.naming.core.ServerListManager do shutdown begin
2025-08-26T15:10:46.453+08:00  WARN 67072 --- [SpringApplicationShutdownHook] com.alibaba.nacos.client.naming          : [NamingHttpClientManager] Start destroying NacosRestTemplate
2025-08-26T15:10:46.453+08:00  WARN 67072 --- [SpringApplicationShutdownHook] com.alibaba.nacos.client.naming          : [NamingHttpClientManager] Destruction of the end
2025-08-26T15:10:46.453+08:00  INFO 67072 --- [SpringApplicationShutdownHook] com.alibaba.nacos.client.naming          : com.alibaba.nacos.client.naming.core.ServerListManager do shutdown stop
2025-08-26T15:10:46.453+08:00  INFO 67072 --- [SpringApplicationShutdownHook] com.alibaba.nacos.client.naming          : com.alibaba.nacos.client.naming.remote.http.NamingHttpClientProxy do shutdown begin
2025-08-26T15:10:46.453+08:00  WARN 67072 --- [SpringApplicationShutdownHook] com.alibaba.nacos.client.naming          : [NamingHttpClientManager] Start destroying NacosRestTemplate
2025-08-26T15:10:46.453+08:00  WARN 67072 --- [SpringApplicationShutdownHook] com.alibaba.nacos.client.naming          : [NamingHttpClientManager] Destruction of the end
2025-08-26T15:10:46.453+08:00  INFO 67072 --- [SpringApplicationShutdownHook] com.alibaba.nacos.client.naming          : com.alibaba.nacos.client.naming.remote.http.NamingHttpClientProxy do shutdown stop
2025-08-26T15:10:46.453+08:00  INFO 67072 --- [SpringApplicationShutdownHook] com.alibaba.nacos.common.remote.client   : Shutdown rpc client, set status to shutdown
2025-08-26T15:10:46.453+08:00  INFO 67072 --- [SpringApplicationShutdownHook] com.alibaba.nacos.common.remote.client   : Shutdown client event executor java.util.concurrent.ScheduledThreadPoolExecutor@5ccc07ae[Running, pool size = 2, active threads = 2, queued tasks = 0, completed tasks = 0]
2025-08-26T15:10:46.453+08:00  INFO 67072 --- [SpringApplicationShutdownHook] com.alibaba.nacos.common.remote.client   : Close current connection 1756189670635_127.0.0.1_49859
2025-08-26T15:10:46.454+08:00  INFO 67072 --- [SpringApplicationShutdownHook] c.a.n.c.remote.client.grpc.GrpcClient    : Shutdown grpc executor java.util.concurrent.ThreadPoolExecutor@27df4dcb[Running, pool size = 3, active threads = 0, queued tasks = 0, completed tasks = 532]
2025-08-26T15:10:46.454+08:00  INFO 67072 --- [SpringApplicationShutdownHook] com.alibaba.nacos.client.naming          : Shutdown grpc redo service executor java.util.concurrent.ScheduledThreadPoolExecutor@6bc45472[Running, pool size = 1, active threads = 0, queued tasks = 1, completed tasks = 856]
2025-08-26T15:10:46.455+08:00  INFO 67072 --- [SpringApplicationShutdownHook] c.a.n.c.a.r.identify.CredentialWatcher   : [null] CredentialWatcher is stopped
2025-08-26T15:10:46.455+08:00  INFO 67072 --- [SpringApplicationShutdownHook] c.a.n.c.a.r.identify.CredentialService   : [null] CredentialService is freed
2025-08-26T15:10:46.455+08:00  INFO 67072 --- [SpringApplicationShutdownHook] com.alibaba.nacos.client.naming          : com.alibaba.nacos.client.naming.remote.NamingClientProxyDelegate do shutdown stop
2025-08-26T15:10:46.465+08:00  INFO 67072 --- [SpringApplicationShutdownHook] com.alibaba.druid.pool.DruidDataSource   : {dataSource-1} closing ...
2025-08-26T15:10:46.465+08:00  INFO 67072 --- [SpringApplicationShutdownHook] com.alibaba.druid.pool.DruidDataSource   : {dataSource-1} closed
