2025-08-29 14:54:55 [main] WARN  com.alibaba.nacos.client.logging.NacosLogging - Load Logback Configuration of Nacos fail, message: Could not initialize Logback Nacos logging from classpath:nacos-logback.xml
2025-08-29 14:54:55 [main] WARN  com.alibaba.nacos.client.logging.NacosLogging - Load Logback Configuration of Nacos fail, message: Could not initialize Logback Nacos logging from classpath:nacos-logback.xml
2025-08-29 14:54:55 [main] INFO  com.smartlearning.exam.ExamServiceApplication - Starting ExamServiceApplication using Java 21.0.6 with PID 84340 (E:\smart-learning-platform\smart-learning-java\exam-service\target\classes started by info in E:\smart-learning-platform\smart-learning-java)
2025-08-29 14:54:55 [main] DEBUG com.smartlearning.exam.ExamServiceApplication - Running with Spring Boot v3.1.5, Spring v6.0.13
2025-08-29 14:54:55 [main] INFO  com.smartlearning.exam.ExamServiceApplication - The following 1 profile is active: "dev"
2025-08-29 14:54:55 [main] WARN  c.a.cloud.nacos.configdata.NacosConfigDataLoader - [Nacos Config] config[dataId=exam-service.yml, group=DEFAULT_GROUP] is empty
2025-08-29 14:54:55 [main] INFO  o.s.d.r.config.RepositoryConfigurationDelegate - Multiple Spring Data modules found, entering strict repository configuration mode
2025-08-29 14:54:55 [main] INFO  o.s.d.r.config.RepositoryConfigurationDelegate - Bootstrapping Spring Data Redis repositories in DEFAULT mode.
2025-08-29 14:54:55 [main] INFO  o.s.d.r.config.RepositoryConfigurationDelegate - Finished Spring Data repository scanning in 8 ms. Found 0 Redis repository interfaces.
2025-08-29 14:54:56 [main] INFO  o.springframework.cloud.context.scope.GenericScope - BeanFactory id=84397e7d-d7a5-3bea-9a69-6e4894124649
2025-08-29 14:54:56 [main] WARN  o.s.core.LocalVariableTableParameterNameDiscoverer - Using deprecated '-debug' fallback for parameter name resolution. Compile the affected code with '-parameters' instead or avoid its introspection: com.smartlearning.common.aspect.RedisCacheAspect
2025-08-29 14:54:56 [main] WARN  o.s.core.LocalVariableTableParameterNameDiscoverer - Using deprecated '-debug' fallback for parameter name resolution. Compile the affected code with '-parameters' instead or avoid its introspection: com.smartlearning.common.aspect.RedisCacheAspect
2025-08-29 14:54:56 [main] INFO  o.s.boot.web.embedded.tomcat.TomcatWebServer - Tomcat initialized with port(s): 8084 (http)
2025-08-29 14:54:56 [main] INFO  org.apache.catalina.core.StandardService - Starting service [Tomcat]
2025-08-29 14:54:56 [main] INFO  org.apache.catalina.core.StandardEngine - Starting Servlet engine: [Apache Tomcat/10.1.15]
2025-08-29 14:54:56 [main] INFO  o.a.c.core.ContainerBase.[Tomcat].[localhost].[/] - Initializing Spring embedded WebApplicationContext
2025-08-29 14:54:56 [main] INFO  o.s.b.w.s.c.ServletWebServerApplicationContext - Root WebApplicationContext: initialization completed in 1176 ms
2025-08-29 14:54:57 [main] INFO  org.redisson.Version - Redisson 3.24.3
2025-08-29 14:54:57 [redisson-netty-2-5] INFO  o.r.connection.pool.MasterPubSubConnectionPool - 1 connections initialized for localhost/127.0.0.1:6379
2025-08-29 14:54:57 [redisson-netty-2-20] INFO  org.redisson.connection.pool.MasterConnectionPool - 24 connections initialized for localhost/127.0.0.1:6379
2025-08-29 14:54:58 [main] INFO  o.s.b.actuate.endpoint.web.EndpointLinksResolver - Exposing 3 endpoint(s) beneath base path '/actuator'
2025-08-29 14:54:58 [main] INFO  o.s.boot.web.embedded.tomcat.TomcatWebServer - Tomcat started on port(s): 8084 (http) with context path ''
2025-08-29 14:54:58 [main] INFO  com.alibaba.nacos.client.naming - initializer namespace from ans.namespace attribute : null
2025-08-29 14:54:58 [main] INFO  com.alibaba.nacos.client.naming - initializer namespace from ALIBABA_ALIWARE_NAMESPACE attribute :null
2025-08-29 14:54:58 [main] INFO  com.alibaba.nacos.client.naming - initializer namespace from namespace attribute :null
2025-08-29 14:54:58 [main] INFO  c.a.n.p.auth.spi.client.ClientAuthPluginManager - [ClientAuthPluginManager] Load ClientAuthService com.alibaba.nacos.client.auth.impl.NacosClientAuthServiceImpl success.
2025-08-29 14:54:58 [main] INFO  c.a.n.p.auth.spi.client.ClientAuthPluginManager - [ClientAuthPluginManager] Load ClientAuthService com.alibaba.nacos.client.auth.ram.RamClientAuthServiceImpl success.
2025-08-29 14:54:58 [main] INFO  com.alibaba.nacos.common.remote.client - [RpcClientFactory] create a new rpc client of 29970733-00a8-4785-8de6-1da71773485a
2025-08-29 14:54:58 [main] INFO  com.alibaba.nacos.common.remote.client - [29970733-00a8-4785-8de6-1da71773485a] RpcClient init, ServerListFactory = com.alibaba.nacos.client.naming.core.ServerListManager
2025-08-29 14:54:58 [main] INFO  com.alibaba.nacos.common.remote.client - [29970733-00a8-4785-8de6-1da71773485a] Registry connection listener to current client:com.alibaba.nacos.client.naming.remote.gprc.redo.NamingGrpcRedoService
2025-08-29 14:54:58 [main] INFO  com.alibaba.nacos.common.remote.client - [29970733-00a8-4785-8de6-1da71773485a] Register server push request handler:com.alibaba.nacos.client.naming.remote.gprc.NamingPushRequestHandler
2025-08-29 14:54:58 [main] INFO  com.alibaba.nacos.common.remote.client - [29970733-00a8-4785-8de6-1da71773485a] Try to connect to server on start up, server: {serverIp = 'localhost', server main port = 8848}
2025-08-29 14:54:58 [main] INFO  c.a.nacos.common.remote.client.grpc.GrpcClient - grpc client connection server:localhost ip,serverPort:9848,grpcTslConfig:{"sslProvider":"OPENSSL","enableTls":false,"mutualAuthEnable":false,"trustAll":false}
2025-08-29 14:54:58 [main] INFO  com.alibaba.nacos.common.remote.client - [29970733-00a8-4785-8de6-1da71773485a] Success to connect to server [localhost:8848] on start up, connectionId = 1756450498679_127.0.0.1_56585
2025-08-29 14:54:58 [main] INFO  com.alibaba.nacos.common.remote.client - [29970733-00a8-4785-8de6-1da71773485a] Register server push request handler:com.alibaba.nacos.common.remote.client.RpcClient$ConnectResetRequestHandler
2025-08-29 14:54:58 [main] INFO  com.alibaba.nacos.common.remote.client - [29970733-00a8-4785-8de6-1da71773485a] Register server push request handler:com.alibaba.nacos.common.remote.client.RpcClient$$Lambda/0x000001d3cf39f000
2025-08-29 14:54:58 [com.alibaba.nacos.client.remote.worker] INFO  com.alibaba.nacos.common.remote.client - [29970733-00a8-4785-8de6-1da71773485a] Notify connected event to listeners.
2025-08-29 14:54:58 [com.alibaba.nacos.client.remote.worker] INFO  com.alibaba.nacos.client.naming - Grpc connection connect
2025-08-29 14:54:58 [main] INFO  com.alibaba.nacos.client.naming - [REGISTER-SERVICE] smart-learning registering service exam-service with instance Instance{instanceId='null', ip='192.168.10.113', port=8084, weight=1.0, healthy=true, enabled=true, ephemeral=true, clusterName='DEFAULT', serviceName='null', metadata={preserved.register.source=SPRING_CLOUD, version=1.0.0, zone=dev, IPv6=null}}
2025-08-29 14:54:58 [main] INFO  c.a.cloud.nacos.registry.NacosServiceRegistry - nacos registry, DEFAULT_GROUP exam-service 192.168.10.113:8084 register finished
2025-08-29 14:54:58 [main] INFO  com.smartlearning.exam.ExamServiceApplication - Started ExamServiceApplication in 4.473 seconds (process running for 4.841)
2025-08-29 14:54:58 [main] INFO  com.alibaba.nacos.client.config.impl.CacheData - nacos.cache.data.init.snapshot = true 
2025-08-29 14:54:58 [main] INFO  com.alibaba.nacos.client.config.impl.ClientWorker - [fixed-smart-learning-localhost_8848] [subscribe] exam-service.yml+DEFAULT_GROUP+smart-learning
2025-08-29 14:54:58 [main] INFO  com.alibaba.nacos.client.config.impl.CacheData - [fixed-smart-learning-localhost_8848] [add-listener] ok, tenant=smart-learning, dataId=exam-service.yml, group=DEFAULT_GROUP, cnt=1
2025-08-29 14:54:58 [main] INFO  c.a.cloud.nacos.refresh.NacosContextRefresher - [Nacos Config] Listening config: dataId=exam-service.yml, group=DEFAULT_GROUP
2025-08-29 14:54:59 [RMI TCP Connection(3)-192.168.10.113] INFO  o.a.c.core.ContainerBase.[Tomcat].[localhost].[/] - Initializing Spring DispatcherServlet 'dispatcherServlet'
2025-08-29 14:54:59 [RMI TCP Connection(3)-192.168.10.113] INFO  org.springframework.web.servlet.DispatcherServlet - Initializing Servlet 'dispatcherServlet'
2025-08-29 14:54:59 [RMI TCP Connection(3)-192.168.10.113] INFO  org.springframework.web.servlet.DispatcherServlet - Completed initialization in 1 ms
2025-08-29 14:54:59 [RMI TCP Connection(2)-192.168.10.113] INFO  com.alibaba.druid.pool.DruidDataSource - {dataSource-1} inited
2025-08-29 19:00:15 [Thread-1] WARN  c.alibaba.nacos.common.http.HttpClientBeanHolder - [HttpClientBeanHolder] Start destroying common HttpClient
2025-08-29 19:00:15 [Thread-1] WARN  c.alibaba.nacos.common.http.HttpClientBeanHolder - [HttpClientBeanHolder] Destruction of the end
2025-08-29 19:00:15 [Thread-6] WARN  com.alibaba.nacos.common.notify.NotifyCenter - [NotifyCenter] Start destroying Publisher
2025-08-29 19:00:15 [Thread-6] WARN  com.alibaba.nacos.common.notify.NotifyCenter - [NotifyCenter] Destruction of the end
2025-08-29 19:00:15 [SpringApplicationShutdownHook] INFO  c.a.cloud.nacos.registry.NacosServiceRegistry - De-registering from Nacos Server now...
2025-08-29 19:00:15 [SpringApplicationShutdownHook] INFO  com.alibaba.nacos.client.naming - [DEREGISTER-SERVICE] smart-learning deregistering service exam-service with instance: Instance{instanceId='null', ip='192.168.10.113', port=8084, weight=1.0, healthy=true, enabled=true, ephemeral=true, clusterName='DEFAULT', serviceName='null', metadata={}}
2025-08-29 19:00:15 [SpringApplicationShutdownHook] INFO  c.a.cloud.nacos.registry.NacosServiceRegistry - De-registration finished.
2025-08-29 19:00:15 [SpringApplicationShutdownHook] INFO  com.alibaba.nacos.client.naming - com.alibaba.nacos.client.naming.cache.ServiceInfoHolder do shutdown begin
2025-08-29 19:00:15 [SpringApplicationShutdownHook] INFO  com.alibaba.nacos.client.naming - com.alibaba.nacos.client.naming.backups.FailoverReactor do shutdown begin
2025-08-29 19:00:15 [SpringApplicationShutdownHook] INFO  com.alibaba.nacos.client.naming - com.alibaba.nacos.client.naming.backups.FailoverReactor do shutdown stop
2025-08-29 19:00:15 [SpringApplicationShutdownHook] INFO  com.alibaba.nacos.client.naming - com.alibaba.nacos.client.naming.cache.ServiceInfoHolder do shutdown stop
2025-08-29 19:00:15 [SpringApplicationShutdownHook] INFO  com.alibaba.nacos.client.naming - com.alibaba.nacos.client.naming.remote.NamingClientProxyDelegate do shutdown begin
2025-08-29 19:00:15 [SpringApplicationShutdownHook] INFO  com.alibaba.nacos.client.naming - com.alibaba.nacos.client.naming.core.ServiceInfoUpdateService do shutdown begin
2025-08-29 19:00:15 [SpringApplicationShutdownHook] INFO  com.alibaba.nacos.client.naming - com.alibaba.nacos.client.naming.core.ServiceInfoUpdateService do shutdown stop
2025-08-29 19:00:15 [SpringApplicationShutdownHook] INFO  com.alibaba.nacos.client.naming - com.alibaba.nacos.client.naming.core.ServerListManager do shutdown begin
2025-08-29 19:00:15 [SpringApplicationShutdownHook] WARN  com.alibaba.nacos.client.naming - [NamingHttpClientManager] Start destroying NacosRestTemplate
2025-08-29 19:00:15 [SpringApplicationShutdownHook] WARN  com.alibaba.nacos.client.naming - [NamingHttpClientManager] Destruction of the end
2025-08-29 19:00:15 [SpringApplicationShutdownHook] INFO  com.alibaba.nacos.client.naming - com.alibaba.nacos.client.naming.core.ServerListManager do shutdown stop
2025-08-29 19:00:15 [SpringApplicationShutdownHook] INFO  com.alibaba.nacos.client.naming - com.alibaba.nacos.client.naming.remote.http.NamingHttpClientProxy do shutdown begin
2025-08-29 19:00:15 [SpringApplicationShutdownHook] WARN  com.alibaba.nacos.client.naming - [NamingHttpClientManager] Start destroying NacosRestTemplate
2025-08-29 19:00:15 [SpringApplicationShutdownHook] WARN  com.alibaba.nacos.client.naming - [NamingHttpClientManager] Destruction of the end
2025-08-29 19:00:15 [SpringApplicationShutdownHook] INFO  com.alibaba.nacos.client.naming - com.alibaba.nacos.client.naming.remote.http.NamingHttpClientProxy do shutdown stop
2025-08-29 19:00:15 [SpringApplicationShutdownHook] INFO  com.alibaba.nacos.common.remote.client - Shutdown rpc client, set status to shutdown
2025-08-29 19:00:15 [SpringApplicationShutdownHook] INFO  com.alibaba.nacos.common.remote.client - Shutdown client event executor java.util.concurrent.ScheduledThreadPoolExecutor@bf32f3f[Running, pool size = 2, active threads = 2, queued tasks = 0, completed tasks = 0]
2025-08-29 19:00:15 [SpringApplicationShutdownHook] INFO  com.alibaba.nacos.common.remote.client - Close current connection 1756450498679_127.0.0.1_56585
2025-08-29 19:00:15 [nacos-grpc-client-executor-localhost-2962] INFO  c.a.nacos.common.remote.client.grpc.GrpcClient - [1756450498679_127.0.0.1_56585]Ignore complete event,isRunning:false,isAbandon=false
2025-08-29 19:00:15 [SpringApplicationShutdownHook] INFO  c.a.nacos.common.remote.client.grpc.GrpcClient - Shutdown grpc executor java.util.concurrent.ThreadPoolExecutor@58192546[Running, pool size = 5, active threads = 0, queued tasks = 0, completed tasks = 2963]
2025-08-29 19:00:15 [SpringApplicationShutdownHook] INFO  com.alibaba.nacos.client.naming - Shutdown grpc redo service executor java.util.concurrent.ScheduledThreadPoolExecutor@41fdb59c[Running, pool size = 1, active threads = 0, queued tasks = 1, completed tasks = 4893]
2025-08-29 19:00:15 [SpringApplicationShutdownHook] INFO  c.a.n.client.auth.ram.identify.CredentialWatcher - [null] CredentialWatcher is stopped
2025-08-29 19:00:15 [SpringApplicationShutdownHook] INFO  c.a.n.client.auth.ram.identify.CredentialService - [null] CredentialService is freed
2025-08-29 19:00:15 [SpringApplicationShutdownHook] INFO  com.alibaba.nacos.client.naming - com.alibaba.nacos.client.naming.remote.NamingClientProxyDelegate do shutdown stop
2025-08-29 19:00:15 [SpringApplicationShutdownHook] INFO  com.alibaba.druid.pool.DruidDataSource - {dataSource-1} closing ...
2025-08-29 19:00:15 [SpringApplicationShutdownHook] INFO  com.alibaba.druid.pool.DruidDataSource - {dataSource-1} closed
