2025-08-26 14:26:33 [main] WARN  com.alibaba.nacos.client.logging.NacosLogging - Load Logback Configuration of Nacos fail, message: Could not initialize Logback Nacos logging from classpath:nacos-logback.xml
2025-08-26 14:26:33 [main] WARN  com.alibaba.nacos.client.logging.NacosLogging - Load Logback Configuration of Nacos fail, message: Could not initialize Logback Nacos logging from classpath:nacos-logback.xml
2025-08-26 14:26:33 [main] INFO  com.smartlearning.user.UserServiceApplication - Starting UserServiceApplication using Java 21.0.6 with PID 67244 (E:\smart-learning-platform\smart-learning-java\user-service\target\classes started by info in E:\smart-learning-platform\smart-learning-java)
2025-08-26 14:26:33 [main] DEBUG com.smartlearning.user.UserServiceApplication - Running with Spring Boot v3.1.5, Spring v6.0.13
2025-08-26 14:26:33 [main] INFO  com.smartlearning.user.UserServiceApplication - The following 1 profile is active: "dev"
2025-08-26 14:26:33 [main] WARN  c.a.cloud.nacos.configdata.NacosConfigDataLoader - [Nacos Config] config[dataId=user-service.yml, group=DEFAULT_GROUP] is empty
2025-08-26 14:26:34 [main] INFO  o.s.d.r.config.RepositoryConfigurationDelegate - Multiple Spring Data modules found, entering strict repository configuration mode
2025-08-26 14:26:34 [main] INFO  o.s.d.r.config.RepositoryConfigurationDelegate - Bootstrapping Spring Data Redis repositories in DEFAULT mode.
2025-08-26 14:26:34 [main] INFO  o.s.d.r.config.RepositoryConfigurationDelegate - Finished Spring Data repository scanning in 8 ms. Found 0 Redis repository interfaces.
2025-08-26 14:26:34 [main] INFO  o.springframework.cloud.context.scope.GenericScope - BeanFactory id=5933af49-7b42-3ba4-951a-f73bf287b1a5
2025-08-26 14:26:34 [main] INFO  o.s.boot.web.embedded.tomcat.TomcatWebServer - Tomcat initialized with port(s): 8081 (http)
2025-08-26 14:26:34 [main] INFO  org.apache.catalina.core.StandardService - Starting service [Tomcat]
2025-08-26 14:26:34 [main] INFO  org.apache.catalina.core.StandardEngine - Starting Servlet engine: [Apache Tomcat/10.1.15]
2025-08-26 14:26:34 [main] INFO  o.a.c.core.ContainerBase.[Tomcat].[localhost].[/] - Initializing Spring embedded WebApplicationContext
2025-08-26 14:26:34 [main] INFO  o.s.b.w.s.c.ServletWebServerApplicationContext - Root WebApplicationContext: initialization completed in 1189 ms
2025-08-26 14:26:34 [main] DEBUG c.s.user.filter.JwtAuthenticationFilter - Filter 'jwtAuthenticationFilter' configured for use
2025-08-26 14:26:35 [main] INFO  org.redisson.Version - Redisson 3.24.3
2025-08-26 14:26:35 [redisson-netty-2-5] INFO  o.r.connection.pool.MasterPubSubConnectionPool - 1 connections initialized for localhost/127.0.0.1:6379
2025-08-26 14:26:35 [redisson-netty-2-20] INFO  org.redisson.connection.pool.MasterConnectionPool - 24 connections initialized for localhost/127.0.0.1:6379
2025-08-26 14:26:35 [main] WARN  o.s.b.a.s.s.UserDetailsServiceAutoConfiguration - 

Using generated security password: d34940fa-ffb8-4fd2-b53f-710900af76bd

This generated password is for development use only. Your security configuration must be updated before running your application in production.

2025-08-26 14:26:36 [main] INFO  org.springframework.cloud.commons.util.InetUtils - Cannot determine local hostname
2025-08-26 14:26:36 [main] INFO  o.s.b.actuate.endpoint.web.EndpointLinksResolver - Exposing 3 endpoint(s) beneath base path '/actuator'
2025-08-26 14:26:36 [main] INFO  o.s.security.web.DefaultSecurityFilterChain - Will secure any request with [org.springframework.security.web.session.DisableEncodeUrlFilter@77e2a5d3, org.springframework.security.web.context.request.async.WebAsyncManagerIntegrationFilter@3687f6b6, org.springframework.security.web.context.SecurityContextHolderFilter@43851574, org.springframework.security.web.header.HeaderWriterFilter@4194a77f, org.springframework.security.web.authentication.logout.LogoutFilter@149bdb4e, com.smartlearning.user.filter.JwtAuthenticationFilter@647ce968, org.springframework.security.web.savedrequest.RequestCacheAwareFilter@35d31e1c, org.springframework.security.web.servletapi.SecurityContextHolderAwareRequestFilter@834529e, org.springframework.security.web.authentication.AnonymousAuthenticationFilter@521e34d4, org.springframework.security.web.session.SessionManagementFilter@2acbbee4, org.springframework.security.web.access.ExceptionTranslationFilter@6c4f48e2, org.springframework.security.web.access.intercept.AuthorizationFilter@1e6be9f0]
2025-08-26 14:26:38 [main] INFO  org.springframework.cloud.commons.util.InetUtils - Cannot determine local hostname
2025-08-26 14:26:38 [main] INFO  o.s.boot.web.embedded.tomcat.TomcatWebServer - Tomcat started on port(s): 8081 (http) with context path ''
2025-08-26 14:26:38 [main] INFO  com.alibaba.nacos.client.naming - initializer namespace from ans.namespace attribute : null
2025-08-26 14:26:38 [main] INFO  com.alibaba.nacos.client.naming - initializer namespace from ALIBABA_ALIWARE_NAMESPACE attribute :null
2025-08-26 14:26:38 [main] INFO  com.alibaba.nacos.client.naming - initializer namespace from namespace attribute :null
2025-08-26 14:26:38 [main] INFO  c.a.n.p.auth.spi.client.ClientAuthPluginManager - [ClientAuthPluginManager] Load ClientAuthService com.alibaba.nacos.client.auth.impl.NacosClientAuthServiceImpl success.
2025-08-26 14:26:38 [main] INFO  c.a.n.p.auth.spi.client.ClientAuthPluginManager - [ClientAuthPluginManager] Load ClientAuthService com.alibaba.nacos.client.auth.ram.RamClientAuthServiceImpl success.
2025-08-26 14:26:38 [main] INFO  com.alibaba.nacos.common.remote.client - [RpcClientFactory] create a new rpc client of 1221d805-87ba-4726-877f-36998dce9bb3
2025-08-26 14:26:38 [main] INFO  com.alibaba.nacos.common.remote.client - [1221d805-87ba-4726-877f-36998dce9bb3] RpcClient init, ServerListFactory = com.alibaba.nacos.client.naming.core.ServerListManager
2025-08-26 14:26:38 [main] INFO  com.alibaba.nacos.common.remote.client - [1221d805-87ba-4726-877f-36998dce9bb3] Registry connection listener to current client:com.alibaba.nacos.client.naming.remote.gprc.redo.NamingGrpcRedoService
2025-08-26 14:26:38 [main] INFO  com.alibaba.nacos.common.remote.client - [1221d805-87ba-4726-877f-36998dce9bb3] Register server push request handler:com.alibaba.nacos.client.naming.remote.gprc.NamingPushRequestHandler
2025-08-26 14:26:38 [main] INFO  com.alibaba.nacos.common.remote.client - [1221d805-87ba-4726-877f-36998dce9bb3] Try to connect to server on start up, server: {serverIp = 'localhost', server main port = 8848}
2025-08-26 14:26:38 [main] INFO  c.a.nacos.common.remote.client.grpc.GrpcClient - grpc client connection server:localhost ip,serverPort:9848,grpcTslConfig:{"sslProvider":"OPENSSL","enableTls":false,"mutualAuthEnable":false,"trustAll":false}
2025-08-26 14:26:38 [main] INFO  com.alibaba.nacos.common.remote.client - [1221d805-87ba-4726-877f-36998dce9bb3] Success to connect to server [localhost:8848] on start up, connectionId = 1756189598245_127.0.0.1_63390
2025-08-26 14:26:38 [main] INFO  com.alibaba.nacos.common.remote.client - [1221d805-87ba-4726-877f-36998dce9bb3] Register server push request handler:com.alibaba.nacos.common.remote.client.RpcClient$ConnectResetRequestHandler
2025-08-26 14:26:38 [main] INFO  com.alibaba.nacos.common.remote.client - [1221d805-87ba-4726-877f-36998dce9bb3] Register server push request handler:com.alibaba.nacos.common.remote.client.RpcClient$$Lambda/0x0000020e5439ecd8
2025-08-26 14:26:38 [com.alibaba.nacos.client.remote.worker] INFO  com.alibaba.nacos.common.remote.client - [1221d805-87ba-4726-877f-36998dce9bb3] Notify connected event to listeners.
2025-08-26 14:26:38 [com.alibaba.nacos.client.remote.worker] INFO  com.alibaba.nacos.client.naming - Grpc connection connect
2025-08-26 14:26:38 [main] INFO  com.alibaba.nacos.client.naming - [REGISTER-SERVICE] smart-learning registering service user-service with instance Instance{instanceId='null', ip='192.168.10.113', port=8081, weight=1.0, healthy=true, enabled=true, ephemeral=true, clusterName='DEFAULT', serviceName='null', metadata={preserved.register.source=SPRING_CLOUD, version=1.0.0, zone=dev, IPv6=null}}
2025-08-26 14:26:38 [main] INFO  c.a.cloud.nacos.registry.NacosServiceRegistry - nacos registry, DEFAULT_GROUP user-service 192.168.10.113:8081 register finished
2025-08-26 14:26:39 [main] INFO  org.springframework.cloud.commons.util.InetUtils - Cannot determine local hostname
2025-08-26 14:26:39 [main] INFO  com.smartlearning.user.UserServiceApplication - Started UserServiceApplication in 8.021 seconds (process running for 8.379)
2025-08-26 14:26:39 [main] INFO  com.alibaba.nacos.client.config.impl.CacheData - nacos.cache.data.init.snapshot = true 
2025-08-26 14:26:39 [main] INFO  com.alibaba.nacos.client.config.impl.ClientWorker - [fixed-smart-learning-localhost_8848] [subscribe] user-service.yml+DEFAULT_GROUP+smart-learning
2025-08-26 14:26:39 [main] INFO  com.alibaba.nacos.client.config.impl.CacheData - [fixed-smart-learning-localhost_8848] [add-listener] ok, tenant=smart-learning, dataId=user-service.yml, group=DEFAULT_GROUP, cnt=1
2025-08-26 14:26:39 [main] INFO  c.a.cloud.nacos.refresh.NacosContextRefresher - [Nacos Config] Listening config: dataId=user-service.yml, group=DEFAULT_GROUP
2025-08-26 14:26:39 [RMI TCP Connection(1)-198.18.0.1] INFO  o.a.c.core.ContainerBase.[Tomcat].[localhost].[/] - Initializing Spring DispatcherServlet 'dispatcherServlet'
2025-08-26 14:26:39 [RMI TCP Connection(1)-198.18.0.1] INFO  org.springframework.web.servlet.DispatcherServlet - Initializing Servlet 'dispatcherServlet'
2025-08-26 14:26:39 [RMI TCP Connection(1)-198.18.0.1] INFO  org.springframework.web.servlet.DispatcherServlet - Completed initialization in 1 ms
2025-08-26 14:26:39 [RMI TCP Connection(4)-198.18.0.1] INFO  com.alibaba.druid.pool.DruidDataSource - {dataSource-1} inited
2025-08-26 15:09:10 [http-nio-8081-exec-1] WARN  com.smartlearning.common.util.JwtUtil - Token已过期: JWT expired at 2025-08-22T08:23:09Z. Current time: 2025-08-26T07:09:10Z, a difference of 341161166 milliseconds.  Allowed clock skew: 0 milliseconds.
2025-08-26 15:09:10 [http-nio-8081-exec-2] WARN  com.smartlearning.common.util.JwtUtil - Token已过期: JWT expired at 2025-08-22T08:23:09Z. Current time: 2025-08-26T07:09:10Z, a difference of 341161236 milliseconds.  Allowed clock skew: 0 milliseconds.
2025-08-26 15:09:27 [http-nio-8081-exec-7] WARN  com.smartlearning.common.util.JwtUtil - Token已过期: JWT expired at 2025-08-22T08:23:09Z. Current time: 2025-08-26T07:09:27Z, a difference of 341178409 milliseconds.  Allowed clock skew: 0 milliseconds.
2025-08-26 15:09:29 [http-nio-8081-exec-3] INFO  com.smartlearning.user.controller.UserController - 用户登录请求: test2
2025-08-26 15:09:29 [http-nio-8081-exec-3] INFO  c.smartlearning.user.service.impl.UserServiceImpl - 用户登录请求: test2
2025-08-26 15:09:29 [http-nio-8081-exec-3] INFO  c.smartlearning.user.service.impl.UserServiceImpl - 用户登录成功: userId=2, username=test2
2025-08-26 15:09:29 [http-nio-8081-exec-6] DEBUG c.s.user.filter.JwtAuthenticationFilter - JWT认证成功: username=test2, userId=2, role=STUDENT
2025-08-26 15:09:29 [http-nio-8081-exec-6] INFO  com.smartlearning.user.controller.UserController - 获取用户统计信息请求: userId=2
2025-08-26 15:10:46 [Thread-6] WARN  com.alibaba.nacos.common.notify.NotifyCenter - [NotifyCenter] Start destroying Publisher
2025-08-26 15:10:46 [Thread-1] WARN  c.alibaba.nacos.common.http.HttpClientBeanHolder - [HttpClientBeanHolder] Start destroying common HttpClient
2025-08-26 15:10:46 [Thread-6] WARN  com.alibaba.nacos.common.notify.NotifyCenter - [NotifyCenter] Destruction of the end
2025-08-26 15:10:46 [Thread-1] WARN  c.alibaba.nacos.common.http.HttpClientBeanHolder - [HttpClientBeanHolder] Destruction of the end
2025-08-26 15:10:46 [SpringApplicationShutdownHook] INFO  c.a.cloud.nacos.registry.NacosServiceRegistry - De-registering from Nacos Server now...
2025-08-26 15:10:46 [SpringApplicationShutdownHook] INFO  com.alibaba.nacos.client.naming - [DEREGISTER-SERVICE] smart-learning deregistering service user-service with instance: Instance{instanceId='null', ip='192.168.10.113', port=8081, weight=1.0, healthy=true, enabled=true, ephemeral=true, clusterName='DEFAULT', serviceName='null', metadata={}}
2025-08-26 15:10:46 [SpringApplicationShutdownHook] INFO  c.a.cloud.nacos.registry.NacosServiceRegistry - De-registration finished.
2025-08-26 15:10:46 [SpringApplicationShutdownHook] INFO  com.alibaba.nacos.client.naming - com.alibaba.nacos.client.naming.cache.ServiceInfoHolder do shutdown begin
2025-08-26 15:10:46 [SpringApplicationShutdownHook] INFO  com.alibaba.nacos.client.naming - com.alibaba.nacos.client.naming.backups.FailoverReactor do shutdown begin
2025-08-26 15:10:46 [SpringApplicationShutdownHook] INFO  com.alibaba.nacos.client.naming - com.alibaba.nacos.client.naming.backups.FailoverReactor do shutdown stop
2025-08-26 15:10:46 [SpringApplicationShutdownHook] INFO  com.alibaba.nacos.client.naming - com.alibaba.nacos.client.naming.cache.ServiceInfoHolder do shutdown stop
2025-08-26 15:10:46 [SpringApplicationShutdownHook] INFO  com.alibaba.nacos.client.naming - com.alibaba.nacos.client.naming.remote.NamingClientProxyDelegate do shutdown begin
2025-08-26 15:10:46 [SpringApplicationShutdownHook] INFO  com.alibaba.nacos.client.naming - com.alibaba.nacos.client.naming.core.ServiceInfoUpdateService do shutdown begin
2025-08-26 15:10:46 [SpringApplicationShutdownHook] INFO  com.alibaba.nacos.client.naming - com.alibaba.nacos.client.naming.core.ServiceInfoUpdateService do shutdown stop
2025-08-26 15:10:46 [SpringApplicationShutdownHook] INFO  com.alibaba.nacos.client.naming - com.alibaba.nacos.client.naming.core.ServerListManager do shutdown begin
2025-08-26 15:10:46 [SpringApplicationShutdownHook] WARN  com.alibaba.nacos.client.naming - [NamingHttpClientManager] Start destroying NacosRestTemplate
2025-08-26 15:10:46 [SpringApplicationShutdownHook] WARN  com.alibaba.nacos.client.naming - [NamingHttpClientManager] Destruction of the end
2025-08-26 15:10:46 [SpringApplicationShutdownHook] INFO  com.alibaba.nacos.client.naming - com.alibaba.nacos.client.naming.core.ServerListManager do shutdown stop
2025-08-26 15:10:46 [SpringApplicationShutdownHook] INFO  com.alibaba.nacos.client.naming - com.alibaba.nacos.client.naming.remote.http.NamingHttpClientProxy do shutdown begin
2025-08-26 15:10:46 [SpringApplicationShutdownHook] WARN  com.alibaba.nacos.client.naming - [NamingHttpClientManager] Start destroying NacosRestTemplate
2025-08-26 15:10:46 [SpringApplicationShutdownHook] WARN  com.alibaba.nacos.client.naming - [NamingHttpClientManager] Destruction of the end
2025-08-26 15:10:46 [SpringApplicationShutdownHook] INFO  com.alibaba.nacos.client.naming - com.alibaba.nacos.client.naming.remote.http.NamingHttpClientProxy do shutdown stop
2025-08-26 15:10:46 [SpringApplicationShutdownHook] INFO  com.alibaba.nacos.common.remote.client - Shutdown rpc client, set status to shutdown
2025-08-26 15:10:46 [SpringApplicationShutdownHook] INFO  com.alibaba.nacos.common.remote.client - Shutdown client event executor java.util.concurrent.ScheduledThreadPoolExecutor@f7a19c4[Running, pool size = 2, active threads = 2, queued tasks = 0, completed tasks = 0]
2025-08-26 15:10:46 [SpringApplicationShutdownHook] INFO  com.alibaba.nacos.common.remote.client - Close current connection 1756189598245_127.0.0.1_63390
2025-08-26 15:10:46 [nacos-grpc-client-executor-localhost-552] INFO  c.a.nacos.common.remote.client.grpc.GrpcClient - [1756189598245_127.0.0.1_63390]Ignore complete event,isRunning:false,isAbandon=false
2025-08-26 15:10:46 [SpringApplicationShutdownHook] INFO  c.a.nacos.common.remote.client.grpc.GrpcClient - Shutdown grpc executor java.util.concurrent.ThreadPoolExecutor@6d543ec2[Running, pool size = 4, active threads = 0, queued tasks = 0, completed tasks = 553]
2025-08-26 15:10:46 [SpringApplicationShutdownHook] INFO  com.alibaba.nacos.client.naming - Shutdown grpc redo service executor java.util.concurrent.ScheduledThreadPoolExecutor@56da2437[Running, pool size = 1, active threads = 0, queued tasks = 1, completed tasks = 880]
2025-08-26 15:10:46 [SpringApplicationShutdownHook] INFO  c.a.n.client.auth.ram.identify.CredentialWatcher - [null] CredentialWatcher is stopped
2025-08-26 15:10:46 [SpringApplicationShutdownHook] INFO  c.a.n.client.auth.ram.identify.CredentialService - [null] CredentialService is freed
2025-08-26 15:10:46 [SpringApplicationShutdownHook] INFO  com.alibaba.nacos.client.naming - com.alibaba.nacos.client.naming.remote.NamingClientProxyDelegate do shutdown stop
2025-08-26 15:10:46 [SpringApplicationShutdownHook] INFO  com.alibaba.druid.pool.DruidDataSource - {dataSource-1} closing ...
2025-08-26 15:10:46 [SpringApplicationShutdownHook] INFO  com.alibaba.druid.pool.DruidDataSource - {dataSource-1} closed
